<?xml version="1.0" encoding="UTF-8"?>
<testsuite xmlns:xsi="http://www.w3.org/2001/XMLSchema-instance" xsi:noNamespaceSchemaLocation="https://maven.apache.org/surefire/maven-surefire-plugin/xsd/surefire-test-report.xsd" name="com.sales.taxes.AppTest" time="0.07" tests="5" errors="0" skipped="0" failures="0">
  <properties>
[...]
</properties>
  <testcase name="testRound" classname="com.sales.taxes.AppTest" time="0.004"/>
  <testcase name="testFileReader" classname="com.sales.taxes.AppTest" time="0.008"/>
  <testcase name="testInput1" classname="com.sales.taxes.AppTest" time="0.004"/>
  <testcase name="testInput2" classname="com.sales.taxes.AppTest" time="0.002"/>
  <testcase name="testInput3" classname="com.sales.taxes.AppTest" time="0.004"/>
</testsuite>